<?xml version="1.0" encoding="UTF-8"?>
<testsuite name="TraderTest" tests="3" skipped="0" failures="0" errors="0" timestamp="2022-10-08T17:40:54" hostname="Nesrines-Air.cogeco.local" time="0.042">
  <properties/>
  <testcase name="TestEmptyConstructor" classname="TraderTest" time="0.012"/>
  <testcase name="TestAddToWishlist" classname="TraderTest" time="0.027"/>
  <testcase name="TestGetSellingPrice" classname="TraderTest" time="0.002"/>
  <system-out><![CDATA[]]></system-out>
  <system-err><![CDATA[]]></system-err>
</testsuite>
